<?xml version="1.0" encoding="UTF-8"?>
<!-- Generated by org.testng.reporters.JUnitXMLReporter -->
<testsuite hostname="nanmathi-HP" ignored="0" name="Default test" tests="3" failures="0" timestamp="17 May 2017 03:13:48 GMT" time="0.111" errors="0">
  <testcase name="testCreatingNode" time="0.031" classname="com.nanda.java.data.structures.implementatons.TreeTest"/>
  <testcase name="testEmptyTree" time="0.003" classname="com.nanda.java.data.structures.implementatons.TreeTest"/>
  <testcase name="testLevelOrderTraversal" time="0.004" classname="com.nanda.java.data.structures.implementatons.TreeTest"/>
</testsuite> <!-- Default test -->
