<?xml version="1.0" encoding="UTF-8"?>
<testng-results skipped="0" failed="0" ignored="0" total="3" passed="3">
  <reporter-output>
  </reporter-output>
  <suite name="Default suite" duration-ms="111" started-at="2017-05-17T03:13:48Z" finished-at="2017-05-17T03:13:48Z">
    <groups>
    </groups>
    <test name="Default test" duration-ms="111" started-at="2017-05-17T03:13:48Z" finished-at="2017-05-17T03:13:48Z">
      <class name="com.nanda.java.data.structures.implementatons.TreeTest">
        <test-method status="PASS" signature="testCreatingNode()[pri:0, instance:com.nanda.java.data.structures.implementatons.TreeTest@15be6bb]" name="testCreatingNode" duration-ms="31" started-at="2017-05-17T08:43:48Z" finished-at="2017-05-17T08:43:48Z">
          <reporter-output>
          </reporter-output>
        </test-method> <!-- testCreatingNode -->
        <test-method status="PASS" signature="testEmptyTree()[pri:0, instance:com.nanda.java.data.structures.implementatons.TreeTest@15be6bb]" name="testEmptyTree" duration-ms="3" started-at="2017-05-17T08:43:48Z" finished-at="2017-05-17T08:43:48Z">
          <reporter-output>
          </reporter-output>
        </test-method> <!-- testEmptyTree -->
        <test-method status="PASS" signature="testLevelOrderTraversal()[pri:0, instance:com.nanda.java.data.structures.implementatons.TreeTest@15be6bb]" name="testLevelOrderTraversal" duration-ms="4" started-at="2017-05-17T08:43:48Z" finished-at="2017-05-17T08:43:48Z">
          <reporter-output>
          </reporter-output>
        </test-method> <!-- testLevelOrderTraversal -->
      </class> <!-- com.nanda.java.data.structures.implementatons.TreeTest -->
    </test> <!-- Default test -->
  </suite> <!-- Default suite -->
</testng-results>
